Notice	19324a19	1177
README	18ce4364	1713
cds.c	f4b16ec8	3922
data.c	c98edc	8109
defines.h	f6fc2d96	8222
defs.h	f63626e5	23640
equiv.c	760de37	8495
error.c	1e630f1c	3484
exec.c	e58a9039	17525
expr.c	f67eacbe	57063
f2c.1	ff2c957c	5964
f2c.1t	e28f9b1b	5109
f2c.h	ead0f625	4093
format.c	e406fc55	49164
format.h	e0f83302	313
formatdata.c	be70fc	23249
ftypes.h	e5db6a7c	941
gram.dcl	28fa416	7828
gram.exec	ffef9779	2954
gram.expr	f547aa	3070
gram.head	f9c512d	7401
gram.io	17e64e3f	3270
init.c	e995b15	9944
intr.c	f9e7bffb	19569
io.c	eca683cf	27274
iob.h	e5160b9f	462
lex.c	15dd5c3c	28586
machdefs.h	4950e5b	659
main.c	121e1420	17177
makefile	fa19b250	2556
malloc.c	13b40f6b	3388
mem.c	d6903cc	4657
memset.c	17404d52	1964
misc.c	f242d21d	19178
names.c	f50ae8af	18720
names.h	b68b7a8	766
niceprintf.c	80be98f	8472
niceprintf.h	c31f08c	412
output.c	fd82da7e	38934
output.h	ec27017a	2300
p1defs.h	f665cbe1	6018
p1output.c	eb050418	11987
parse.h	ae6ff07	877
parse_args.c	11f9875a	13276
pccdefs.h	1b4fbbee	1195
pread.c	1f14e5ea	16002
proc.c	ed6c4d60	32085
put.c	f3f1a49a	9394
putpcc.c	e865e04f	37101
safstrncpy.c	19bf3fc8	2884
tokens	333d4c3	712
usignal.h	1c4ce909	124
vax.c	e254ac83	6825
vaxx.c	f5d117ad	1646
version.c	8e29509	139
xsum.c	17bc9b1e	5592
