00000000 T ___libc_undefined    libcompat      __undefined
00000000 T ___libc_warning      libcompat      __warning
00000000 T ___mulsi3            libgcc         ./tmpcopy/_mulsi3
00000000 T ___udivsi3           libgcc         ./tmpcopy/_udivsi3
00000000 T ___divsi3            libgcc         ./tmpcopy/_divsi3
00000000 T ___umodsi3           libgcc         ./tmpcopy/_umodsi3
00000000 T ___modsi3            libgcc         ./tmpcopy/_modsi3
00000000 T ___lshrsi3           libgcc         ./tmpcopy/_lshrsi3
00000000 T ___lshlsi3           libgcc         ./tmpcopy/_lshlsi3
00000000 T ___ashrsi3           libgcc         ./tmpcopy/_ashrsi3
00000000 T ___ashlsi3           libgcc         ./tmpcopy/_ashlsi3
00000000 T ___divdf3            libgcc         ./tmpcopy/_divdf3
00000000 T ___muldf3            libgcc         ./tmpcopy/_muldf3
00000000 T ___negdf2            libgcc         ./tmpcopy/_negdf2
00000000 T ___adddf3            libgcc         ./tmpcopy/_adddf3
00000000 T ___subdf3            libgcc         ./tmpcopy/_subdf3
00000000 T ___fixdfsi           libgcc         ./tmpcopy/_fixdfsi
00000000 T ___fixsfsi           libgcc         ./tmpcopy/_fixsfsi
00000000 T ___floatsidf         libgcc         ./tmpcopy/_floatsidf
00000000 T ___floatsisf         libgcc         ./tmpcopy/_floatsisf
00000000 T ___truncdfsf2        libgcc         ./tmpcopy/_truncdfsf2
00000000 T ___extendsfdf2       libgcc         ./tmpcopy/_extendsfdf2
00000000 T ___addsf3            libgcc         ./tmpcopy/_addsf3
00000000 T ___negsf2            libgcc         ./tmpcopy/_negsf2
00000000 T ___subsf3            libgcc         ./tmpcopy/_subsf3
00000000 T ___mulsf3            libgcc         ./tmpcopy/_mulsf3
00000000 T ___divsf3            libgcc         ./tmpcopy/_divsf3
00000000 T ___eqdf2             libgcc         ./tmpcopy/_eqdf2
00000000 T ___nedf2             libgcc         ./tmpcopy/_nedf2
00000000 T ___gtdf2             libgcc         ./tmpcopy/_gtdf2
00000000 T ___gedf2             libgcc         ./tmpcopy/_gedf2
00000000 T ___ltdf2             libgcc         ./tmpcopy/_ltdf2
00000000 T ___ledf2             libgcc         ./tmpcopy/_ledf2
00000000 T ___eqsf2             libgcc         ./tmpcopy/_eqsf2
00000000 T ___nesf2             libgcc         ./tmpcopy/_nesf2
00000000 T ___gtsf2             libgcc         ./tmpcopy/_gtsf2
00000000 T ___gesf2             libgcc         ./tmpcopy/_gesf2
00000000 T ___ltsf2             libgcc         ./tmpcopy/_ltsf2
00000000 T ___lesf2             libgcc         ./tmpcopy/_lesf2
00000000 T ___divdi3            libgcc         ./tmpcopy/_divdi3
00000000 T ___moddi3            libgcc         ./tmpcopy/_moddi3
00000000 T ___negdi2            libgcc         ./tmpcopy/_negdi2
00000000 T ___lshrdi3           libgcc         ./tmpcopy/_lshrdi3
00000000 T ___lshldi3           libgcc         ./tmpcopy/_lshldi3
00000000 T ___ashldi3           libgcc         ./tmpcopy/_ashldi3
00000000 T ___ashrdi3           libgcc         ./tmpcopy/_ashrdi3
00000000 T ___udiv_w_sdiv       libgcc         ./tmpcopy/_udiv_w_sdiv
00000000 T ___cmpdi2            libgcc         ./tmpcopy/_cmpdi2
00000000 T ___ucmpdi2           libgcc         ./tmpcopy/_ucmpdi2
00000000 T ___floatdidf         libgcc         ./tmpcopy/_floatdidf
00000000 T ___floatdisf         libgcc         ./tmpcopy/_floatdisf
00000000 T ___fixunsdfsi        libgcc         ./tmpcopy/_fixunsdfsi
00000000 T ___fixunssfsi        libgcc         ./tmpcopy/_fixunssfsi
00000000 T ___fixunsdfdi        libgcc         ./tmpcopy/_fixunsdfdi
00000000 T ___fixdfdi           libgcc         ./tmpcopy/_fixdfdi
00000000 T ___fixunssfdi        libgcc         ./tmpcopy/_fixunssfdi
00000000 T ___fixsfdi           libgcc         ./tmpcopy/_fixsfdi
00000000 T ___gcc_bcmp          libgcc         ./tmpcopy/__gcc_bcmp
00000000 T ___builtin_saveregs  libgcc         ./tmpcopy/_varargs
00000000 D ___new_handler       libgcc         ./tmpcopy/_caps_New
00000000 T ___bb_avoid_warning  libgcc         ./tmpcopy/_bb
00000000 D ___shtab             libgcc         ./tmpcopy/_shtab
00000000 T ___clear_cache       libgcc         ./tmpcopy/_clear_cache
00000000 T ___do_global_dtors   libgcc         ./tmpcopy/__main
00000000 D __exit_dummy_ref     libgcc         ./tmpcopy/__main
00000000 T ___do_global_ctors   libgcc         ./tmpcopy/__main
00000000 T ___main              libgcc         ./tmpcopy/__main
00000000 D __exit_dummy_decl    libgcc         ./tmpcopy/_exit
00000000 T ___libc_undefined    libcompat      __undefined
00000000 T ___libc_warning      libcompat      __warning
00000000 T ___mulsi3            libgcc         ./tmpcopy/_mulsi3
00000000 T ___udivsi3           libgcc         ./tmpcopy/_udivsi3
00000000 T ___divsi3            libgcc         ./tmpcopy/_divsi3
00000000 T ___umodsi3           libgcc         ./tmpcopy/_umodsi3
00000000 T ___modsi3            libgcc         ./tmpcopy/_modsi3
00000000 T ___lshrsi3           libgcc         ./tmpcopy/_lshrsi3
00000000 T ___lshlsi3           libgcc         ./tmpcopy/_lshlsi3
00000000 T ___ashrsi3           libgcc         ./tmpcopy/_ashrsi3
00000000 T ___ashlsi3           libgcc         ./tmpcopy/_ashlsi3
00000000 T ___divdf3            libgcc         ./tmpcopy/_divdf3
00000000 T ___muldf3            libgcc         ./tmpcopy/_muldf3
00000000 T ___negdf2            libgcc         ./tmpcopy/_negdf2
00000000 T ___adddf3            libgcc         ./tmpcopy/_adddf3
00000000 T ___subdf3            libgcc         ./tmpcopy/_subdf3
00000000 T ___fixdfsi           libgcc         ./tmpcopy/_fixdfsi
00000000 T ___fixsfsi           libgcc         ./tmpcopy/_fixsfsi
00000000 T ___floatsidf         libgcc         ./tmpcopy/_floatsidf
00000000 T ___floatsisf         libgcc         ./tmpcopy/_floatsisf
00000000 T ___truncdfsf2        libgcc         ./tmpcopy/_truncdfsf2
00000000 T ___extendsfdf2       libgcc         ./tmpcopy/_extendsfdf2
00000000 T ___addsf3            libgcc         ./tmpcopy/_addsf3
00000000 T ___negsf2            libgcc         ./tmpcopy/_negsf2
00000000 T ___subsf3            libgcc         ./tmpcopy/_subsf3
00000000 T ___mulsf3            libgcc         ./tmpcopy/_mulsf3
00000000 T ___divsf3            libgcc         ./tmpcopy/_divsf3
00000000 T ___eqdf2             libgcc         ./tmpcopy/_eqdf2
00000000 T ___nedf2             libgcc         ./tmpcopy/_nedf2
00000000 T ___gtdf2             libgcc         ./tmpcopy/_gtdf2
00000000 T ___gedf2             libgcc         ./tmpcopy/_gedf2
00000000 T ___ltdf2             libgcc         ./tmpcopy/_ltdf2
00000000 T ___ledf2             libgcc         ./tmpcopy/_ledf2
00000000 T ___eqsf2             libgcc         ./tmpcopy/_eqsf2
00000000 T ___nesf2             libgcc         ./tmpcopy/_nesf2
00000000 T ___gtsf2             libgcc         ./tmpcopy/_gtsf2
00000000 T ___gesf2             libgcc         ./tmpcopy/_gesf2
00000000 T ___ltsf2             libgcc         ./tmpcopy/_ltsf2
00000000 T ___lesf2             libgcc         ./tmpcopy/_lesf2
00000000 T ___divdi3            libgcc         ./tmpcopy/_divdi3
00000000 T ___moddi3            libgcc         ./tmpcopy/_moddi3
00000000 T ___negdi2            libgcc         ./tmpcopy/_negdi2
00000000 T ___lshrdi3           libgcc         ./tmpcopy/_lshrdi3
00000000 T ___lshldi3           libgcc         ./tmpcopy/_lshldi3
00000000 T ___ashldi3           libgcc         ./tmpcopy/_ashldi3
00000000 T ___ashrdi3           libgcc         ./tmpcopy/_ashrdi3
00000000 T ___udiv_w_sdiv       libgcc         ./tmpcopy/_udiv_w_sdiv
00000000 T ___cmpdi2            libgcc         ./tmpcopy/_cmpdi2
00000000 T ___ucmpdi2           libgcc         ./tmpcopy/_ucmpdi2
00000000 T ___floatdidf         libgcc         ./tmpcopy/_floatdidf
00000000 T ___floatdisf         libgcc         ./tmpcopy/_floatdisf
00000000 T ___fixunsdfsi        libgcc         ./tmpcopy/_fixunsdfsi
00000000 T ___fixunssfsi        libgcc         ./tmpcopy/_fixunssfsi
00000000 T ___fixunsdfdi        libgcc         ./tmpcopy/_fixunsdfdi
00000000 T ___fixdfdi           libgcc         ./tmpcopy/_fixdfdi
00000000 T ___fixunssfdi        libgcc         ./tmpcopy/_fixunssfdi
00000000 T ___fixsfdi           libgcc         ./tmpcopy/_fixsfdi
00000000 T ___gcc_bcmp          libgcc         ./tmpcopy/__gcc_bcmp
00000000 T ___builtin_saveregs  libgcc         ./tmpcopy/_varargs
00000000 T ___bb_avoid_warning  libgcc         ./tmpcopy/_bb
00000000 D ___shtab             libgcc         ./tmpcopy/_shtab
00000000 T ___clear_cache       libgcc         ./tmpcopy/_clear_cache
00000000 T ___do_global_dtors   libgcc         ./tmpcopy/__main
00000000 D __exit_dummy_ref     libgcc         ./tmpcopy/__main
00000000 T ___do_global_ctors   libgcc         ./tmpcopy/__main
00000000 T ___main              libgcc         ./tmpcopy/__main
00000000 D __exit_dummy_decl    libgcc         ./tmpcopy/_exit
00000000 K __7filebuf$openprot  libc           filebuf
00000000 T ___libc_undefined    libcompat      __undefined
00000000 T ___libc_warning      libcompat      __warning
00000000 T ___mulsi3            libgcc         ./tmpcopy/_mulsi3
00000000 T ___udivsi3           libgcc         ./tmpcopy/_udivsi3
00000000 T ___divsi3            libgcc         ./tmpcopy/_divsi3
00000000 T ___umodsi3           libgcc         ./tmpcopy/_umodsi3
00000000 T ___modsi3            libgcc         ./tmpcopy/_modsi3
00000000 T ___lshrsi3           libgcc         ./tmpcopy/_lshrsi3
00000000 T ___lshlsi3           libgcc         ./tmpcopy/_lshlsi3
00000000 T ___ashrsi3           libgcc         ./tmpcopy/_ashrsi3
00000000 T ___ashlsi3           libgcc         ./tmpcopy/_ashlsi3
00000000 T ___divdf3            libgcc         ./tmpcopy/_divdf3
00000000 T ___muldf3            libgcc         ./tmpcopy/_muldf3
00000000 T ___negdf2            libgcc         ./tmpcopy/_negdf2
00000000 T ___adddf3            libgcc         ./tmpcopy/_adddf3
00000000 T ___subdf3            libgcc         ./tmpcopy/_subdf3
00000000 T ___fixdfsi           libgcc         ./tmpcopy/_fixdfsi
00000000 T ___fixsfsi           libgcc         ./tmpcopy/_fixsfsi
00000000 T ___floatsidf         libgcc         ./tmpcopy/_floatsidf
00000000 T ___floatsisf         libgcc         ./tmpcopy/_floatsisf
00000000 T ___truncdfsf2        libgcc         ./tmpcopy/_truncdfsf2
00000000 T ___extendsfdf2       libgcc         ./tmpcopy/_extendsfdf2
00000000 T ___addsf3            libgcc         ./tmpcopy/_addsf3
00000000 T ___negsf2            libgcc         ./tmpcopy/_negsf2
00000000 T ___subsf3            libgcc         ./tmpcopy/_subsf3
00000000 T ___mulsf3            libgcc         ./tmpcopy/_mulsf3
00000000 T ___divsf3            libgcc         ./tmpcopy/_divsf3
00000000 T ___eqdf2             libgcc         ./tmpcopy/_eqdf2
00000000 T ___nedf2             libgcc         ./tmpcopy/_nedf2
00000000 T ___gtdf2             libgcc         ./tmpcopy/_gtdf2
00000000 T ___gedf2             libgcc         ./tmpcopy/_gedf2
00000000 T ___ltdf2             libgcc         ./tmpcopy/_ltdf2
00000000 T ___ledf2             libgcc         ./tmpcopy/_ledf2
00000000 T ___eqsf2             libgcc         ./tmpcopy/_eqsf2
00000000 T ___nesf2             libgcc         ./tmpcopy/_nesf2
00000000 T ___gtsf2             libgcc         ./tmpcopy/_gtsf2
00000000 T ___gesf2             libgcc         ./tmpcopy/_gesf2
00000000 T ___ltsf2             libgcc         ./tmpcopy/_ltsf2
00000000 T ___lesf2             libgcc         ./tmpcopy/_lesf2
00000000 T ___divdi3            libgcc         ./tmpcopy/_divdi3
00000000 T ___moddi3            libgcc         ./tmpcopy/_moddi3
00000000 T ___negdi2            libgcc         ./tmpcopy/_negdi2
00000000 T ___lshrdi3           libgcc         ./tmpcopy/_lshrdi3
00000000 T ___lshldi3           libgcc         ./tmpcopy/_lshldi3
00000000 T ___ashldi3           libgcc         ./tmpcopy/_ashldi3
00000000 T ___ashrdi3           libgcc         ./tmpcopy/_ashrdi3
00000000 T ___udiv_w_sdiv       libgcc         ./tmpcopy/_udiv_w_sdiv
00000000 T ___cmpdi2            libgcc         ./tmpcopy/_cmpdi2
00000000 T ___ucmpdi2           libgcc         ./tmpcopy/_ucmpdi2
00000000 T ___floatdidf         libgcc         ./tmpcopy/_floatdidf
00000000 T ___floatdisf         libgcc         ./tmpcopy/_floatdisf
00000000 T ___fixunsdfsi        libgcc         ./tmpcopy/_fixunsdfsi
00000000 T ___fixunssfsi        libgcc         ./tmpcopy/_fixunssfsi
00000000 T ___fixunsdfdi        libgcc         ./tmpcopy/_fixunsdfdi
00000000 T ___fixdfdi           libgcc         ./tmpcopy/_fixdfdi
00000000 T ___fixunssfdi        libgcc         ./tmpcopy/_fixunssfdi
00000000 T ___fixsfdi           libgcc         ./tmpcopy/_fixsfdi
00000000 T ___gcc_bcmp          libgcc         ./tmpcopy/__gcc_bcmp
00000000 T ___builtin_saveregs  libgcc         ./tmpcopy/_varargs
00000000 T ___bb_avoid_warning  libgcc         ./tmpcopy/_bb
00000000 D ___shtab             libgcc         ./tmpcopy/_shtab
00000000 T ___clear_cache       libgcc         ./tmpcopy/_clear_cache
00000000 T ___do_global_dtors   libgcc         ./tmpcopy/__main
00000000 D __exit_dummy_ref     libgcc         ./tmpcopy/__main
00000000 T ___do_global_ctors   libgcc         ./tmpcopy/__main
00000000 T ___main              libgcc         ./tmpcopy/__main
00000000 D __exit_dummy_decl    libgcc         ./tmpcopy/_exit
